Units and locations in library 'D:\Jony\versionR51\microsdhacel\soft micros\Codigo\Librerias\OOC\util\lib_cpp\util_cpp_si.lib'
Unit name                                                                                                                                  size     from       to
D:\Jony\versionR51\microsdhacel\soft micros\Codigo\Librerias\OOC\util\util_hcs12_cpp_Data\C++_Ms_no_float\ObjectCode\Array.c.o            11270   107775   119045
D:\Jony\versionR51\microsdhacel\soft micros\Codigo\Librerias\OOC\util\util_hcs12_cpp_Data\C++_Ms_no_float\ObjectCode\Collection.cpp.o      8176    88879    97055
D:\Jony\versionR51\microsdhacel\soft micros\Codigo\Librerias\OOC\util\util_hcs12_cpp_Data\C++_Ms_no_float\ObjectCode\Comparator.cpp.o      6048      155     6203
D:\Jony\versionR51\microsdhacel\soft micros\Codigo\Librerias\OOC\util\util_hcs12_cpp_Data\C++_Ms_no_float\ObjectCode\DobleList.cpp.o      31129     6203    37332
D:\Jony\versionR51\microsdhacel\soft micros\Codigo\Librerias\OOC\util\util_hcs12_cpp_Data\C++_Ms_no_float\ObjectCode\LinkedList.cpp.o     32598    37332    69930
D:\Jony\versionR51\microsdhacel\soft micros\Codigo\Librerias\OOC\util\util_hcs12_cpp_Data\C++_Ms_no_float\ObjectCode\List.cpp.o           10720    97055   107775
D:\Jony\versionR51\microsdhacel\soft micros\Codigo\Librerias\OOC\util\util_hcs12_cpp_Data\C++_Ms_no_float\ObjectCode\NodoDoble.cpp.o      10506    78373    88879
D:\Jony\versionR51\microsdhacel\soft micros\Codigo\Librerias\OOC\util\util_hcs12_cpp_Data\C++_Ms_no_float\ObjectCode\Set.cpp.o            25539   119045   144584
D:\Jony\versionR51\microsdhacel\soft micros\Codigo\Librerias\OOC\util\util_hcs12_cpp_Data\C++_Ms_no_float\ObjectCode\nodo.cpp.o            8443    69930    78373

EXPORTED OBJECTS
Array_count                                                              F   (D:\Jony\versionR51\microsdhacel\soft micros\Codigo\Librerias\OOC\util\util_hcs12_cpp_Data\C++_Ms_no_float\ObjectCode\Array.c.o)
Array_destructor__FPv                                                    F   (D:\Jony\versionR51\microsdhacel\soft micros\Codigo\Librerias\OOC\util\util_hcs12_cpp_Data\C++_Ms_no_float\ObjectCode\Array.c.o)
Array_get                                                                F   (D:\Jony\versionR51\microsdhacel\soft micros\Codigo\Librerias\OOC\util\util_hcs12_cpp_Data\C++_Ms_no_float\ObjectCode\Array.c.o)
Array_isEmpty                                                            F   (D:\Jony\versionR51\microsdhacel\soft micros\Codigo\Librerias\OOC\util\util_hcs12_cpp_Data\C++_Ms_no_float\ObjectCode\Array.c.o)
Array_ownsObjects                                                        F   (D:\Jony\versionR51\microsdhacel\soft micros\Codigo\Librerias\OOC\util\util_hcs12_cpp_Data\C++_Ms_no_float\ObjectCode\Array.c.o)
Array_search                                                             F   (D:\Jony\versionR51\microsdhacel\soft micros\Codigo\Librerias\OOC\util\util_hcs12_cpp_Data\C++_Ms_no_float\ObjectCode\Array.c.o)
Array_set                                                                F   (D:\Jony\versionR51\microsdhacel\soft micros\Codigo\Librerias\OOC\util\util_hcs12_cpp_Data\C++_Ms_no_float\ObjectCode\Array.c.o)
____vtbl__Collection                                                     O   (D:\Jony\versionR51\microsdhacel\soft micros\Codigo\Librerias\OOC\util\util_hcs12_cpp_Data\C++_Ms_no_float\ObjectCode\Collection.cpp.o)
____vtbl__Collection                                                     O   (D:\Jony\versionR51\microsdhacel\soft micros\Codigo\Librerias\OOC\util\util_hcs12_cpp_Data\C++_Ms_no_float\ObjectCode\DobleList.cpp.o)
____vtbl__Collection                                                     O   (D:\Jony\versionR51\microsdhacel\soft micros\Codigo\Librerias\OOC\util\util_hcs12_cpp_Data\C++_Ms_no_float\ObjectCode\LinkedList.cpp.o)
____vtbl__Collection                                                     O   (D:\Jony\versionR51\microsdhacel\soft micros\Codigo\Librerias\OOC\util\util_hcs12_cpp_Data\C++_Ms_no_float\ObjectCode\List.cpp.o)
____vtbl__Collection                                                     O   (D:\Jony\versionR51\microsdhacel\soft micros\Codigo\Librerias\OOC\util\util_hcs12_cpp_Data\C++_Ms_no_float\ObjectCode\Set.cpp.o)
____vtbl__Comparator                                                     O   (D:\Jony\versionR51\microsdhacel\soft micros\Codigo\Librerias\OOC\util\util_hcs12_cpp_Data\C++_Ms_no_float\ObjectCode\Array.c.o)
____vtbl__Comparator                                                     O   (D:\Jony\versionR51\microsdhacel\soft micros\Codigo\Librerias\OOC\util\util_hcs12_cpp_Data\C++_Ms_no_float\ObjectCode\Comparator.cpp.o)
____vtbl__DobleListLinkedListListCollection                              O   (D:\Jony\versionR51\microsdhacel\soft micros\Codigo\Librerias\OOC\util\util_hcs12_cpp_Data\C++_Ms_no_float\ObjectCode\DobleList.cpp.o)
____vtbl__Iterator                                                       O   (D:\Jony\versionR51\microsdhacel\soft micros\Codigo\Librerias\OOC\util\util_hcs12_cpp_Data\C++_Ms_no_float\ObjectCode\Collection.cpp.o)
____vtbl__Iterator                                                       O   (D:\Jony\versionR51\microsdhacel\soft micros\Codigo\Librerias\OOC\util\util_hcs12_cpp_Data\C++_Ms_no_float\ObjectCode\DobleList.cpp.o)
____vtbl__Iterator                                                       O   (D:\Jony\versionR51\microsdhacel\soft micros\Codigo\Librerias\OOC\util\util_hcs12_cpp_Data\C++_Ms_no_float\ObjectCode\LinkedList.cpp.o)
____vtbl__Iterator                                                       O   (D:\Jony\versionR51\microsdhacel\soft micros\Codigo\Librerias\OOC\util\util_hcs12_cpp_Data\C++_Ms_no_float\ObjectCode\List.cpp.o)
____vtbl__Iterator                                                       O   (D:\Jony\versionR51\microsdhacel\soft micros\Codigo\Librerias\OOC\util\util_hcs12_cpp_Data\C++_Ms_no_float\ObjectCode\Set.cpp.o)
____vtbl__LinkedListIteratorIterator                                     O   (D:\Jony\versionR51\microsdhacel\soft micros\Codigo\Librerias\OOC\util\util_hcs12_cpp_Data\C++_Ms_no_float\ObjectCode\DobleList.cpp.o)
____vtbl__LinkedListIteratorIterator                                     O   (D:\Jony\versionR51\microsdhacel\soft micros\Codigo\Librerias\OOC\util\util_hcs12_cpp_Data\C++_Ms_no_float\ObjectCode\LinkedList.cpp.o)
____vtbl__LinkedListIteratorIterator                                     O   (D:\Jony\versionR51\microsdhacel\soft micros\Codigo\Librerias\OOC\util\util_hcs12_cpp_Data\C++_Ms_no_float\ObjectCode\Set.cpp.o)
____vtbl__LinkedListListCollection                                       O   (D:\Jony\versionR51\microsdhacel\soft micros\Codigo\Librerias\OOC\util\util_hcs12_cpp_Data\C++_Ms_no_float\ObjectCode\DobleList.cpp.o)
____vtbl__LinkedListListCollection                                       O   (D:\Jony\versionR51\microsdhacel\soft micros\Codigo\Librerias\OOC\util\util_hcs12_cpp_Data\C++_Ms_no_float\ObjectCode\LinkedList.cpp.o)
____vtbl__LinkedListListCollection                                       O   (D:\Jony\versionR51\microsdhacel\soft micros\Codigo\Librerias\OOC\util\util_hcs12_cpp_Data\C++_Ms_no_float\ObjectCode\Set.cpp.o)
____vtbl__ListCollection                                                 O   (D:\Jony\versionR51\microsdhacel\soft micros\Codigo\Librerias\OOC\util\util_hcs12_cpp_Data\C++_Ms_no_float\ObjectCode\DobleList.cpp.o)
____vtbl__ListCollection                                                 O   (D:\Jony\versionR51\microsdhacel\soft micros\Codigo\Librerias\OOC\util\util_hcs12_cpp_Data\C++_Ms_no_float\ObjectCode\LinkedList.cpp.o)
____vtbl__ListCollection                                                 O   (D:\Jony\versionR51\microsdhacel\soft micros\Codigo\Librerias\OOC\util\util_hcs12_cpp_Data\C++_Ms_no_float\ObjectCode\List.cpp.o)
____vtbl__ListCollection                                                 O   (D:\Jony\versionR51\microsdhacel\soft micros\Codigo\Librerias\OOC\util\util_hcs12_cpp_Data\C++_Ms_no_float\ObjectCode\Set.cpp.o)
____vtbl__SetLinkedListListCollection                                    O   (D:\Jony\versionR51\microsdhacel\soft micros\Codigo\Librerias\OOC\util\util_hcs12_cpp_Data\C++_Ms_no_float\ObjectCode\Set.cpp.o)
__as__10CollectionFRC10Collection                                        F   (D:\Jony\versionR51\microsdhacel\soft micros\Codigo\Librerias\OOC\util\util_hcs12_cpp_Data\C++_Ms_no_float\ObjectCode\Collection.cpp.o)
__as__10CollectionFRC10Collection                                        F   (D:\Jony\versionR51\microsdhacel\soft micros\Codigo\Librerias\OOC\util\util_hcs12_cpp_Data\C++_Ms_no_float\ObjectCode\DobleList.cpp.o)
__as__10CollectionFRC10Collection                                        F   (D:\Jony\versionR51\microsdhacel\soft micros\Codigo\Librerias\OOC\util\util_hcs12_cpp_Data\C++_Ms_no_float\ObjectCode\LinkedList.cpp.o)
__as__10CollectionFRC10Collection                                        F   (D:\Jony\versionR51\microsdhacel\soft micros\Codigo\Librerias\OOC\util\util_hcs12_cpp_Data\C++_Ms_no_float\ObjectCode\List.cpp.o)
__as__10CollectionFRC10Collection                                        F   (D:\Jony\versionR51\microsdhacel\soft micros\Codigo\Librerias\OOC\util\util_hcs12_cpp_Data\C++_Ms_no_float\ObjectCode\Set.cpp.o)
__as__10ComparatorFRC10Comparator                                        F   (D:\Jony\versionR51\microsdhacel\soft micros\Codigo\Librerias\OOC\util\util_hcs12_cpp_Data\C++_Ms_no_float\ObjectCode\Array.c.o)
__as__10ComparatorFRC10Comparator                                        F   (D:\Jony\versionR51\microsdhacel\soft micros\Codigo\Librerias\OOC\util\util_hcs12_cpp_Data\C++_Ms_no_float\ObjectCode\Comparator.cpp.o)
__as__10LinkedListFRC10LinkedList                                        F   (D:\Jony\versionR51\microsdhacel\soft micros\Codigo\Librerias\OOC\util\util_hcs12_cpp_Data\C++_Ms_no_float\ObjectCode\DobleList.cpp.o)
__as__10LinkedListFRC10LinkedList                                        F   (D:\Jony\versionR51\microsdhacel\soft micros\Codigo\Librerias\OOC\util\util_hcs12_cpp_Data\C++_Ms_no_float\ObjectCode\LinkedList.cpp.o)
__as__10LinkedListFRC10LinkedList                                        F   (D:\Jony\versionR51\microsdhacel\soft micros\Codigo\Librerias\OOC\util\util_hcs12_cpp_Data\C++_Ms_no_float\ObjectCode\Set.cpp.o)
__as__28LinkedListIteratorLinkedListFRC28LinkedListIteratorLinkedList    F   (D:\Jony\versionR51\microsdhacel\soft micros\Codigo\Librerias\OOC\util\util_hcs12_cpp_Data\C++_Ms_no_float\ObjectCode\DobleList.cpp.o)
__as__28LinkedListIteratorLinkedListFRC28LinkedListIteratorLinkedList    F   (D:\Jony\versionR51\microsdhacel\soft micros\Codigo\Librerias\OOC\util\util_hcs12_cpp_Data\C++_Ms_no_float\ObjectCode\LinkedList.cpp.o)
__as__28LinkedListIteratorLinkedListFRC28LinkedListIteratorLinkedList    F   (D:\Jony\versionR51\microsdhacel\soft micros\Codigo\Librerias\OOC\util\util_hcs12_cpp_Data\C++_Ms_no_float\ObjectCode\Set.cpp.o)
__as__3SetFRC3Set                                                        F   (D:\Jony\versionR51\microsdhacel\soft micros\Codigo\Librerias\OOC\util\util_hcs12_cpp_Data\C++_Ms_no_float\ObjectCode\Set.cpp.o)
__as__4ListFRC4List                                                      F   (D:\Jony\versionR51\microsdhacel\soft micros\Codigo\Librerias\OOC\util\util_hcs12_cpp_Data\C++_Ms_no_float\ObjectCode\DobleList.cpp.o)
__as__4ListFRC4List                                                      F   (D:\Jony\versionR51\microsdhacel\soft micros\Codigo\Librerias\OOC\util\util_hcs12_cpp_Data\C++_Ms_no_float\ObjectCode\LinkedList.cpp.o)
__as__4ListFRC4List                                                      F   (D:\Jony\versionR51\microsdhacel\soft micros\Codigo\Librerias\OOC\util\util_hcs12_cpp_Data\C++_Ms_no_float\ObjectCode\List.cpp.o)
__as__4ListFRC4List                                                      F   (D:\Jony\versionR51\microsdhacel\soft micros\Codigo\Librerias\OOC\util\util_hcs12_cpp_Data\C++_Ms_no_float\ObjectCode\Set.cpp.o)
__as__4NodoFRC4Nodo                                                      F   (D:\Jony\versionR51\microsdhacel\soft micros\Codigo\Librerias\OOC\util\util_hcs12_cpp_Data\C++_Ms_no_float\ObjectCode\DobleList.cpp.o)
__as__4NodoFRC4Nodo                                                      F   (D:\Jony\versionR51\microsdhacel\soft micros\Codigo\Librerias\OOC\util\util_hcs12_cpp_Data\C++_Ms_no_float\ObjectCode\LinkedList.cpp.o)
__as__4NodoFRC4Nodo                                                      F   (D:\Jony\versionR51\microsdhacel\soft micros\Codigo\Librerias\OOC\util\util_hcs12_cpp_Data\C++_Ms_no_float\ObjectCode\NodoDoble.cpp.o)
__as__4NodoFRC4Nodo                                                      F   (D:\Jony\versionR51\microsdhacel\soft micros\Codigo\Librerias\OOC\util\util_hcs12_cpp_Data\C++_Ms_no_float\ObjectCode\Set.cpp.o)
__as__4NodoFRC4Nodo                                                      F   (D:\Jony\versionR51\microsdhacel\soft micros\Codigo\Librerias\OOC\util\util_hcs12_cpp_Data\C++_Ms_no_float\ObjectCode\nodo.cpp.o)
__as__8IteratorFRC8Iterator                                              F   (D:\Jony\versionR51\microsdhacel\soft micros\Codigo\Librerias\OOC\util\util_hcs12_cpp_Data\C++_Ms_no_float\ObjectCode\Collection.cpp.o)
__as__8IteratorFRC8Iterator                                              F   (D:\Jony\versionR51\microsdhacel\soft micros\Codigo\Librerias\OOC\util\util_hcs12_cpp_Data\C++_Ms_no_float\ObjectCode\DobleList.cpp.o)
__as__8IteratorFRC8Iterator                                              F   (D:\Jony\versionR51\microsdhacel\soft micros\Codigo\Librerias\OOC\util\util_hcs12_cpp_Data\C++_Ms_no_float\ObjectCode\LinkedList.cpp.o)
__as__8IteratorFRC8Iterator                                              F   (D:\Jony\versionR51\microsdhacel\soft micros\Codigo\Librerias\OOC\util\util_hcs12_cpp_Data\C++_Ms_no_float\ObjectCode\List.cpp.o)
__as__8IteratorFRC8Iterator                                              F   (D:\Jony\versionR51\microsdhacel\soft micros\Codigo\Librerias\OOC\util\util_hcs12_cpp_Data\C++_Ms_no_float\ObjectCode\Set.cpp.o)
__as__9DobleListFRC9DobleList                                            F   (D:\Jony\versionR51\microsdhacel\soft micros\Codigo\Librerias\OOC\util\util_hcs12_cpp_Data\C++_Ms_no_float\ObjectCode\DobleList.cpp.o)
__as__9NodoDobleFRC9NodoDoble                                            F   (D:\Jony\versionR51\microsdhacel\soft micros\Codigo\Librerias\OOC\util\util_hcs12_cpp_Data\C++_Ms_no_float\ObjectCode\DobleList.cpp.o)
__as__9NodoDobleFRC9NodoDoble                                            F   (D:\Jony\versionR51\microsdhacel\soft micros\Codigo\Librerias\OOC\util\util_hcs12_cpp_Data\C++_Ms_no_float\ObjectCode\NodoDoble.cpp.o)
__ct__10CollectionFRC10Collection                                        F   (D:\Jony\versionR51\microsdhacel\soft micros\Codigo\Librerias\OOC\util\util_hcs12_cpp_Data\C++_Ms_no_float\ObjectCode\Collection.cpp.o)
__ct__10CollectionFRC10Collection                                        F   (D:\Jony\versionR51\microsdhacel\soft micros\Codigo\Librerias\OOC\util\util_hcs12_cpp_Data\C++_Ms_no_float\ObjectCode\DobleList.cpp.o)
__ct__10CollectionFRC10Collection                                        F   (D:\Jony\versionR51\microsdhacel\soft micros\Codigo\Librerias\OOC\util\util_hcs12_cpp_Data\C++_Ms_no_float\ObjectCode\LinkedList.cpp.o)
__ct__10CollectionFRC10Collection                                        F   (D:\Jony\versionR51\microsdhacel\soft micros\Codigo\Librerias\OOC\util\util_hcs12_cpp_Data\C++_Ms_no_float\ObjectCode\List.cpp.o)
__ct__10CollectionFRC10Collection                                        F   (D:\Jony\versionR51\microsdhacel\soft micros\Codigo\Librerias\OOC\util\util_hcs12_cpp_Data\C++_Ms_no_float\ObjectCode\Set.cpp.o)
__ct__10CollectionFv                                                     F   (D:\Jony\versionR51\microsdhacel\soft micros\Codigo\Librerias\OOC\util\util_hcs12_cpp_Data\C++_Ms_no_float\ObjectCode\Collection.cpp.o)
__ct__10CollectionFv                                                     F   (D:\Jony\versionR51\microsdhacel\soft micros\Codigo\Librerias\OOC\util\util_hcs12_cpp_Data\C++_Ms_no_float\ObjectCode\DobleList.cpp.o)
__ct__10CollectionFv                                                     F   (D:\Jony\versionR51\microsdhacel\soft micros\Codigo\Librerias\OOC\util\util_hcs12_cpp_Data\C++_Ms_no_float\ObjectCode\LinkedList.cpp.o)
__ct__10CollectionFv                                                     F   (D:\Jony\versionR51\microsdhacel\soft micros\Codigo\Librerias\OOC\util\util_hcs12_cpp_Data\C++_Ms_no_float\ObjectCode\List.cpp.o)
__ct__10CollectionFv                                                     F   (D:\Jony\versionR51\microsdhacel\soft micros\Codigo\Librerias\OOC\util\util_hcs12_cpp_Data\C++_Ms_no_float\ObjectCode\Set.cpp.o)
__ct__10ComparatorFRC10Comparator                                        F   (D:\Jony\versionR51\microsdhacel\soft micros\Codigo\Librerias\OOC\util\util_hcs12_cpp_Data\C++_Ms_no_float\ObjectCode\Array.c.o)
__ct__10ComparatorFRC10Comparator                                        F   (D:\Jony\versionR51\microsdhacel\soft micros\Codigo\Librerias\OOC\util\util_hcs12_cpp_Data\C++_Ms_no_float\ObjectCode\Comparator.cpp.o)
__ct__10ComparatorFv                                                     F   (D:\Jony\versionR51\microsdhacel\soft micros\Codigo\Librerias\OOC\util\util_hcs12_cpp_Data\C++_Ms_no_float\ObjectCode\Array.c.o)
__ct__10ComparatorFv                                                     F   (D:\Jony\versionR51\microsdhacel\soft micros\Codigo\Librerias\OOC\util\util_hcs12_cpp_Data\C++_Ms_no_float\ObjectCode\Comparator.cpp.o)
__ct__10LinkedListFRC10LinkedList                                        F   (D:\Jony\versionR51\microsdhacel\soft micros\Codigo\Librerias\OOC\util\util_hcs12_cpp_Data\C++_Ms_no_float\ObjectCode\DobleList.cpp.o)
__ct__10LinkedListFRC10LinkedList                                        F   (D:\Jony\versionR51\microsdhacel\soft micros\Codigo\Librerias\OOC\util\util_hcs12_cpp_Data\C++_Ms_no_float\ObjectCode\LinkedList.cpp.o)
__ct__10LinkedListFRC10LinkedList                                        F   (D:\Jony\versionR51\microsdhacel\soft micros\Codigo\Librerias\OOC\util\util_hcs12_cpp_Data\C++_Ms_no_float\ObjectCode\Set.cpp.o)
__ct__10LinkedListFv                                                     I   (D:\Jony\versionR51\microsdhacel\soft micros\Codigo\Librerias\OOC\util\util_hcs12_cpp_Data\C++_Ms_no_float\ObjectCode\DobleList.cpp.o)
__ct__10LinkedListFv                                                     F   (D:\Jony\versionR51\microsdhacel\soft micros\Codigo\Librerias\OOC\util\util_hcs12_cpp_Data\C++_Ms_no_float\ObjectCode\LinkedList.cpp.o)
__ct__10LinkedListFv                                                     I   (D:\Jony\versionR51\microsdhacel\soft micros\Codigo\Librerias\OOC\util\util_hcs12_cpp_Data\C++_Ms_no_float\ObjectCode\Set.cpp.o)
__ct__28LinkedListIteratorLinkedListFP10LinkedList                       I   (D:\Jony\versionR51\microsdhacel\soft micros\Codigo\Librerias\OOC\util\util_hcs12_cpp_Data\C++_Ms_no_float\ObjectCode\DobleList.cpp.o)
__ct__28LinkedListIteratorLinkedListFP10LinkedList                       F   (D:\Jony\versionR51\microsdhacel\soft micros\Codigo\Librerias\OOC\util\util_hcs12_cpp_Data\C++_Ms_no_float\ObjectCode\LinkedList.cpp.o)
__ct__28LinkedListIteratorLinkedListFP10LinkedList                       I   (D:\Jony\versionR51\microsdhacel\soft micros\Codigo\Librerias\OOC\util\util_hcs12_cpp_Data\C++_Ms_no_float\ObjectCode\Set.cpp.o)
__ct__28LinkedListIteratorLinkedListFRC28LinkedListIteratorLinkedList    F   (D:\Jony\versionR51\microsdhacel\soft micros\Codigo\Librerias\OOC\util\util_hcs12_cpp_Data\C++_Ms_no_float\ObjectCode\DobleList.cpp.o)
__ct__28LinkedListIteratorLinkedListFRC28LinkedListIteratorLinkedList    F   (D:\Jony\versionR51\microsdhacel\soft micros\Codigo\Librerias\OOC\util\util_hcs12_cpp_Data\C++_Ms_no_float\ObjectCode\LinkedList.cpp.o)
__ct__28LinkedListIteratorLinkedListFRC28LinkedListIteratorLinkedList    F   (D:\Jony\versionR51\microsdhacel\soft micros\Codigo\Librerias\OOC\util\util_hcs12_cpp_Data\C++_Ms_no_float\ObjectCode\Set.cpp.o)
__ct__28LinkedListIteratorLinkedListFv                                   I   (D:\Jony\versionR51\microsdhacel\soft micros\Codigo\Librerias\OOC\util\util_hcs12_cpp_Data\C++_Ms_no_float\ObjectCode\DobleList.cpp.o)
__ct__28LinkedListIteratorLinkedListFv                                   F   (D:\Jony\versionR51\microsdhacel\soft micros\Codigo\Librerias\OOC\util\util_hcs12_cpp_Data\C++_Ms_no_float\ObjectCode\LinkedList.cpp.o)
__ct__28LinkedListIteratorLinkedListFv                                   I   (D:\Jony\versionR51\microsdhacel\soft micros\Codigo\Librerias\OOC\util\util_hcs12_cpp_Data\C++_Ms_no_float\ObjectCode\Set.cpp.o)
__ct__3SetFRC3Set                                                        F   (D:\Jony\versionR51\microsdhacel\soft micros\Codigo\Librerias\OOC\util\util_hcs12_cpp_Data\C++_Ms_no_float\ObjectCode\Set.cpp.o)
__ct__3SetFv                                                             F   (D:\Jony\versionR51\microsdhacel\soft micros\Codigo\Librerias\OOC\util\util_hcs12_cpp_Data\C++_Ms_no_float\ObjectCode\Set.cpp.o)
__ct__4ListFRC4List                                                      F   (D:\Jony\versionR51\microsdhacel\soft micros\Codigo\Librerias\OOC\util\util_hcs12_cpp_Data\C++_Ms_no_float\ObjectCode\DobleList.cpp.o)
__ct__4ListFRC4List                                                      F   (D:\Jony\versionR51\microsdhacel\soft micros\Codigo\Librerias\OOC\util\util_hcs12_cpp_Data\C++_Ms_no_float\ObjectCode\LinkedList.cpp.o)
__ct__4ListFRC4List                                                      F   (D:\Jony\versionR51\microsdhacel\soft micros\Codigo\Librerias\OOC\util\util_hcs12_cpp_Data\C++_Ms_no_float\ObjectCode\List.cpp.o)
__ct__4ListFRC4List                                                      F   (D:\Jony\versionR51\microsdhacel\soft micros\Codigo\Librerias\OOC\util\util_hcs12_cpp_Data\C++_Ms_no_float\ObjectCode\Set.cpp.o)
__ct__4ListFv                                                            F   (D:\Jony\versionR51\microsdhacel\soft micros\Codigo\Librerias\OOC\util\util_hcs12_cpp_Data\C++_Ms_no_float\ObjectCode\DobleList.cpp.o)
__ct__4ListFv                                                            F   (D:\Jony\versionR51\microsdhacel\soft micros\Codigo\Librerias\OOC\util\util_hcs12_cpp_Data\C++_Ms_no_float\ObjectCode\LinkedList.cpp.o)
__ct__4ListFv                                                            F   (D:\Jony\versionR51\microsdhacel\soft micros\Codigo\Librerias\OOC\util\util_hcs12_cpp_Data\C++_Ms_no_float\ObjectCode\List.cpp.o)
__ct__4ListFv                                                            F   (D:\Jony\versionR51\microsdhacel\soft micros\Codigo\Librerias\OOC\util\util_hcs12_cpp_Data\C++_Ms_no_float\ObjectCode\Set.cpp.o)
__ct__4NodoFPvP4Nodo                                                     I   (D:\Jony\versionR51\microsdhacel\soft micros\Codigo\Librerias\OOC\util\util_hcs12_cpp_Data\C++_Ms_no_float\ObjectCode\DobleList.cpp.o)
__ct__4NodoFPvP4Nodo                                                     I   (D:\Jony\versionR51\microsdhacel\soft micros\Codigo\Librerias\OOC\util\util_hcs12_cpp_Data\C++_Ms_no_float\ObjectCode\LinkedList.cpp.o)
__ct__4NodoFPvP4Nodo                                                     I   (D:\Jony\versionR51\microsdhacel\soft micros\Codigo\Librerias\OOC\util\util_hcs12_cpp_Data\C++_Ms_no_float\ObjectCode\NodoDoble.cpp.o)
__ct__4NodoFPvP4Nodo                                                     I   (D:\Jony\versionR51\microsdhacel\soft micros\Codigo\Librerias\OOC\util\util_hcs12_cpp_Data\C++_Ms_no_float\ObjectCode\Set.cpp.o)
__ct__4NodoFPvP4Nodo                                                     F   (D:\Jony\versionR51\microsdhacel\soft micros\Codigo\Librerias\OOC\util\util_hcs12_cpp_Data\C++_Ms_no_float\ObjectCode\nodo.cpp.o)
__ct__4NodoFRC4Nodo                                                      F   (D:\Jony\versionR51\microsdhacel\soft micros\Codigo\Librerias\OOC\util\util_hcs12_cpp_Data\C++_Ms_no_float\ObjectCode\DobleList.cpp.o)
__ct__4NodoFRC4Nodo                                                      F   (D:\Jony\versionR51\microsdhacel\soft micros\Codigo\Librerias\OOC\util\util_hcs12_cpp_Data\C++_Ms_no_float\ObjectCode\LinkedList.cpp.o)
__ct__4NodoFRC4Nodo                                                      F   (D:\Jony\versionR51\microsdhacel\soft micros\Codigo\Librerias\OOC\util\util_hcs12_cpp_Data\C++_Ms_no_float\ObjectCode\NodoDoble.cpp.o)
__ct__4NodoFRC4Nodo                                                      F   (D:\Jony\versionR51\microsdhacel\soft micros\Codigo\Librerias\OOC\util\util_hcs12_cpp_Data\C++_Ms_no_float\ObjectCode\Set.cpp.o)
__ct__4NodoFRC4Nodo                                                      F   (D:\Jony\versionR51\microsdhacel\soft micros\Codigo\Librerias\OOC\util\util_hcs12_cpp_Data\C++_Ms_no_float\ObjectCode\nodo.cpp.o)
__ct__8IteratorFRC8Iterator                                              F   (D:\Jony\versionR51\microsdhacel\soft micros\Codigo\Librerias\OOC\util\util_hcs12_cpp_Data\C++_Ms_no_float\ObjectCode\Collection.cpp.o)
__ct__8IteratorFRC8Iterator                                              F   (D:\Jony\versionR51\microsdhacel\soft micros\Codigo\Librerias\OOC\util\util_hcs12_cpp_Data\C++_Ms_no_float\ObjectCode\DobleList.cpp.o)
__ct__8IteratorFRC8Iterator                                              F   (D:\Jony\versionR51\microsdhacel\soft micros\Codigo\Librerias\OOC\util\util_hcs12_cpp_Data\C++_Ms_no_float\ObjectCode\LinkedList.cpp.o)
__ct__8IteratorFRC8Iterator                                              F   (D:\Jony\versionR51\microsdhacel\soft micros\Codigo\Librerias\OOC\util\util_hcs12_cpp_Data\C++_Ms_no_float\ObjectCode\List.cpp.o)
__ct__8IteratorFRC8Iterator                                              F   (D:\Jony\versionR51\microsdhacel\soft micros\Codigo\Librerias\OOC\util\util_hcs12_cpp_Data\C++_Ms_no_float\ObjectCode\Set.cpp.o)
__ct__8IteratorFv                                                        F   (D:\Jony\versionR51\microsdhacel\soft micros\Codigo\Librerias\OOC\util\util_hcs12_cpp_Data\C++_Ms_no_float\ObjectCode\Collection.cpp.o)
__ct__8IteratorFv                                                        F   (D:\Jony\versionR51\microsdhacel\soft micros\Codigo\Librerias\OOC\util\util_hcs12_cpp_Data\C++_Ms_no_float\ObjectCode\DobleList.cpp.o)
__ct__8IteratorFv                                                        F   (D:\Jony\versionR51\microsdhacel\soft micros\Codigo\Librerias\OOC\util\util_hcs12_cpp_Data\C++_Ms_no_float\ObjectCode\LinkedList.cpp.o)
__ct__8IteratorFv                                                        F   (D:\Jony\versionR51\microsdhacel\soft micros\Codigo\Librerias\OOC\util\util_hcs12_cpp_Data\C++_Ms_no_float\ObjectCode\List.cpp.o)
__ct__8IteratorFv                                                        F   (D:\Jony\versionR51\microsdhacel\soft micros\Codigo\Librerias\OOC\util\util_hcs12_cpp_Data\C++_Ms_no_float\ObjectCode\Set.cpp.o)
__ct__9DobleListFRC9DobleList                                            F   (D:\Jony\versionR51\microsdhacel\soft micros\Codigo\Librerias\OOC\util\util_hcs12_cpp_Data\C++_Ms_no_float\ObjectCode\DobleList.cpp.o)
__ct__9DobleListFv                                                       F   (D:\Jony\versionR51\microsdhacel\soft micros\Codigo\Librerias\OOC\util\util_hcs12_cpp_Data\C++_Ms_no_float\ObjectCode\DobleList.cpp.o)
__ct__9NodoDobleFPvP9NodoDobleT2                                         I   (D:\Jony\versionR51\microsdhacel\soft micros\Codigo\Librerias\OOC\util\util_hcs12_cpp_Data\C++_Ms_no_float\ObjectCode\DobleList.cpp.o)
__ct__9NodoDobleFPvP9NodoDobleT2                                         F   (D:\Jony\versionR51\microsdhacel\soft micros\Codigo\Librerias\OOC\util\util_hcs12_cpp_Data\C++_Ms_no_float\ObjectCode\NodoDoble.cpp.o)
__ct__9NodoDobleFRC9NodoDoble                                            F   (D:\Jony\versionR51\microsdhacel\soft micros\Codigo\Librerias\OOC\util\util_hcs12_cpp_Data\C++_Ms_no_float\ObjectCode\DobleList.cpp.o)
__ct__9NodoDobleFRC9NodoDoble                                            F   (D:\Jony\versionR51\microsdhacel\soft micros\Codigo\Librerias\OOC\util\util_hcs12_cpp_Data\C++_Ms_no_float\ObjectCode\NodoDoble.cpp.o)
__dl__FGPv                                                               I   (D:\Jony\versionR51\microsdhacel\soft micros\Codigo\Librerias\OOC\util\util_hcs12_cpp_Data\C++_Ms_no_float\ObjectCode\Array.c.o)
__dl__FGPv                                                               I   (D:\Jony\versionR51\microsdhacel\soft micros\Codigo\Librerias\OOC\util\util_hcs12_cpp_Data\C++_Ms_no_float\ObjectCode\DobleList.cpp.o)
__dl__FGPv                                                               I   (D:\Jony\versionR51\microsdhacel\soft micros\Codigo\Librerias\OOC\util\util_hcs12_cpp_Data\C++_Ms_no_float\ObjectCode\LinkedList.cpp.o)
__dt__10LinkedListFv                                                     I   (D:\Jony\versionR51\microsdhacel\soft micros\Codigo\Librerias\OOC\util\util_hcs12_cpp_Data\C++_Ms_no_float\ObjectCode\DobleList.cpp.o)
__dt__10LinkedListFv                                                     F   (D:\Jony\versionR51\microsdhacel\soft micros\Codigo\Librerias\OOC\util\util_hcs12_cpp_Data\C++_Ms_no_float\ObjectCode\LinkedList.cpp.o)
__dt__10LinkedListFv                                                     I   (D:\Jony\versionR51\microsdhacel\soft micros\Codigo\Librerias\OOC\util\util_hcs12_cpp_Data\C++_Ms_no_float\ObjectCode\Set.cpp.o)
__dt__3SetFv                                                             F   (D:\Jony\versionR51\microsdhacel\soft micros\Codigo\Librerias\OOC\util\util_hcs12_cpp_Data\C++_Ms_no_float\ObjectCode\Set.cpp.o)
__dt__9DobleListFv                                                       F   (D:\Jony\versionR51\microsdhacel\soft micros\Codigo\Librerias\OOC\util\util_hcs12_cpp_Data\C++_Ms_no_float\ObjectCode\DobleList.cpp.o)
__nw__FGUi                                                               I   (D:\Jony\versionR51\microsdhacel\soft micros\Codigo\Librerias\OOC\util\util_hcs12_cpp_Data\C++_Ms_no_float\ObjectCode\DobleList.cpp.o)
__nw__FGUi                                                               I   (D:\Jony\versionR51\microsdhacel\soft micros\Codigo\Librerias\OOC\util\util_hcs12_cpp_Data\C++_Ms_no_float\ObjectCode\LinkedList.cpp.o)
add__10LinkedListFPv                                                     I   (D:\Jony\versionR51\microsdhacel\soft micros\Codigo\Librerias\OOC\util\util_hcs12_cpp_Data\C++_Ms_no_float\ObjectCode\DobleList.cpp.o)
add__10LinkedListFPv                                                     F   (D:\Jony\versionR51\microsdhacel\soft micros\Codigo\Librerias\OOC\util\util_hcs12_cpp_Data\C++_Ms_no_float\ObjectCode\LinkedList.cpp.o)
add__10LinkedListFPv                                                     I   (D:\Jony\versionR51\microsdhacel\soft micros\Codigo\Librerias\OOC\util\util_hcs12_cpp_Data\C++_Ms_no_float\ObjectCode\Set.cpp.o)
add__3SetFPv                                                             F   (D:\Jony\versionR51\microsdhacel\soft micros\Codigo\Librerias\OOC\util\util_hcs12_cpp_Data\C++_Ms_no_float\ObjectCode\Set.cpp.o)
aniadir__10LinkedListFPv                                                 I   (D:\Jony\versionR51\microsdhacel\soft micros\Codigo\Librerias\OOC\util\util_hcs12_cpp_Data\C++_Ms_no_float\ObjectCode\DobleList.cpp.o)
aniadir__10LinkedListFPv                                                 F   (D:\Jony\versionR51\microsdhacel\soft micros\Codigo\Librerias\OOC\util\util_hcs12_cpp_Data\C++_Ms_no_float\ObjectCode\LinkedList.cpp.o)
aniadir__10LinkedListFPv                                                 I   (D:\Jony\versionR51\microsdhacel\soft micros\Codigo\Librerias\OOC\util\util_hcs12_cpp_Data\C++_Ms_no_float\ObjectCode\Set.cpp.o)
aniadir__3SetFPv                                                         F   (D:\Jony\versionR51\microsdhacel\soft micros\Codigo\Librerias\OOC\util\util_hcs12_cpp_Data\C++_Ms_no_float\ObjectCode\Set.cpp.o)
cantidad__9DobleListFv                                                   I   (D:\Jony\versionR51\microsdhacel\soft micros\Codigo\Librerias\OOC\util\util_hcs12_cpp_Data\C++_Ms_no_float\ObjectCode\DobleList.cpp.o)
clear__10LinkedListFv                                                    I   (D:\Jony\versionR51\microsdhacel\soft micros\Codigo\Librerias\OOC\util\util_hcs12_cpp_Data\C++_Ms_no_float\ObjectCode\DobleList.cpp.o)
clear__10LinkedListFv                                                    F   (D:\Jony\versionR51\microsdhacel\soft micros\Codigo\Librerias\OOC\util\util_hcs12_cpp_Data\C++_Ms_no_float\ObjectCode\LinkedList.cpp.o)
clear__10LinkedListFv                                                    I   (D:\Jony\versionR51\microsdhacel\soft micros\Codigo\Librerias\OOC\util\util_hcs12_cpp_Data\C++_Ms_no_float\ObjectCode\Set.cpp.o)
contains__10LinkedListFPv                                                I   (D:\Jony\versionR51\microsdhacel\soft micros\Codigo\Librerias\OOC\util\util_hcs12_cpp_Data\C++_Ms_no_float\ObjectCode\DobleList.cpp.o)
contains__10LinkedListFPv                                                F   (D:\Jony\versionR51\microsdhacel\soft micros\Codigo\Librerias\OOC\util\util_hcs12_cpp_Data\C++_Ms_no_float\ObjectCode\LinkedList.cpp.o)
contains__10LinkedListFPv                                                I   (D:\Jony\versionR51\microsdhacel\soft micros\Codigo\Librerias\OOC\util\util_hcs12_cpp_Data\C++_Ms_no_float\ObjectCode\Set.cpp.o)
deleteNodo__10LinkedListFP4NodoT1                                        I   (D:\Jony\versionR51\microsdhacel\soft micros\Codigo\Librerias\OOC\util\util_hcs12_cpp_Data\C++_Ms_no_float\ObjectCode\DobleList.cpp.o)
deleteNodo__10LinkedListFP4NodoT1                                        F   (D:\Jony\versionR51\microsdhacel\soft micros\Codigo\Librerias\OOC\util\util_hcs12_cpp_Data\C++_Ms_no_float\ObjectCode\LinkedList.cpp.o)
deleteNodo__10LinkedListFP4NodoT1                                        I   (D:\Jony\versionR51\microsdhacel\soft micros\Codigo\Librerias\OOC\util\util_hcs12_cpp_Data\C++_Ms_no_float\ObjectCode\Set.cpp.o)
deleteNodo__9DobleListFP9NodoDoble                                       F   (D:\Jony\versionR51\microsdhacel\soft micros\Codigo\Librerias\OOC\util\util_hcs12_cpp_Data\C++_Ms_no_float\ObjectCode\DobleList.cpp.o)
differ__10LinkedListFP10LinkedList                                       I   (D:\Jony\versionR51\microsdhacel\soft micros\Codigo\Librerias\OOC\util\util_hcs12_cpp_Data\C++_Ms_no_float\ObjectCode\DobleList.cpp.o)
differ__10LinkedListFP10LinkedList                                       F   (D:\Jony\versionR51\microsdhacel\soft micros\Codigo\Librerias\OOC\util\util_hcs12_cpp_Data\C++_Ms_no_float\ObjectCode\LinkedList.cpp.o)
differ__10LinkedListFP10LinkedList                                       I   (D:\Jony\versionR51\microsdhacel\soft micros\Codigo\Librerias\OOC\util\util_hcs12_cpp_Data\C++_Ms_no_float\ObjectCode\Set.cpp.o)
differ__4NodoFP4Nodo                                                     I   (D:\Jony\versionR51\microsdhacel\soft micros\Codigo\Librerias\OOC\util\util_hcs12_cpp_Data\C++_Ms_no_float\ObjectCode\DobleList.cpp.o)
differ__4NodoFP4Nodo                                                     I   (D:\Jony\versionR51\microsdhacel\soft micros\Codigo\Librerias\OOC\util\util_hcs12_cpp_Data\C++_Ms_no_float\ObjectCode\LinkedList.cpp.o)
differ__4NodoFP4Nodo                                                     I   (D:\Jony\versionR51\microsdhacel\soft micros\Codigo\Librerias\OOC\util\util_hcs12_cpp_Data\C++_Ms_no_float\ObjectCode\NodoDoble.cpp.o)
differ__4NodoFP4Nodo                                                     I   (D:\Jony\versionR51\microsdhacel\soft micros\Codigo\Librerias\OOC\util\util_hcs12_cpp_Data\C++_Ms_no_float\ObjectCode\Set.cpp.o)
differ__4NodoFP4Nodo                                                     F   (D:\Jony\versionR51\microsdhacel\soft micros\Codigo\Librerias\OOC\util\util_hcs12_cpp_Data\C++_Ms_no_float\ObjectCode\nodo.cpp.o)
differ__9DobleListFP9DobleList                                           I   (D:\Jony\versionR51\microsdhacel\soft micros\Codigo\Librerias\OOC\util\util_hcs12_cpp_Data\C++_Ms_no_float\ObjectCode\DobleList.cpp.o)
eliminarPrimero__10LinkedListFv                                          I   (D:\Jony\versionR51\microsdhacel\soft micros\Codigo\Librerias\OOC\util\util_hcs12_cpp_Data\C++_Ms_no_float\ObjectCode\DobleList.cpp.o)
eliminarPrimero__10LinkedListFv                                          F   (D:\Jony\versionR51\microsdhacel\soft micros\Codigo\Librerias\OOC\util\util_hcs12_cpp_Data\C++_Ms_no_float\ObjectCode\LinkedList.cpp.o)
eliminarPrimero__10LinkedListFv                                          I   (D:\Jony\versionR51\microsdhacel\soft micros\Codigo\Librerias\OOC\util\util_hcs12_cpp_Data\C++_Ms_no_float\ObjectCode\Set.cpp.o)
equals__10ComparatorFPv                                                  I   (D:\Jony\versionR51\microsdhacel\soft micros\Codigo\Librerias\OOC\util\util_hcs12_cpp_Data\C++_Ms_no_float\ObjectCode\Array.c.o)
free                                                                     I   (D:\Jony\versionR51\microsdhacel\soft micros\Codigo\Librerias\OOC\util\util_hcs12_cpp_Data\C++_Ms_no_float\ObjectCode\Array.c.o)
getDato__9DobleListFUi                                                   F   (D:\Jony\versionR51\microsdhacel\soft micros\Codigo\Librerias\OOC\util\util_hcs12_cpp_Data\C++_Ms_no_float\ObjectCode\DobleList.cpp.o)
getNodoDoble__9DobleListFv                                               I   (D:\Jony\versionR51\microsdhacel\soft micros\Codigo\Librerias\OOC\util\util_hcs12_cpp_Data\C++_Ms_no_float\ObjectCode\DobleList.cpp.o)
getPrimerNodo__10LinkedListFv                                            I   (D:\Jony\versionR51\microsdhacel\soft micros\Codigo\Librerias\OOC\util\util_hcs12_cpp_Data\C++_Ms_no_float\ObjectCode\DobleList.cpp.o)
getPrimerNodo__10LinkedListFv                                            F   (D:\Jony\versionR51\microsdhacel\soft micros\Codigo\Librerias\OOC\util\util_hcs12_cpp_Data\C++_Ms_no_float\ObjectCode\LinkedList.cpp.o)
getPrimerNodo__10LinkedListFv                                            I   (D:\Jony\versionR51\microsdhacel\soft micros\Codigo\Librerias\OOC\util\util_hcs12_cpp_Data\C++_Ms_no_float\ObjectCode\Set.cpp.o)
get__10LinkedListFUi                                                     I   (D:\Jony\versionR51\microsdhacel\soft micros\Codigo\Librerias\OOC\util\util_hcs12_cpp_Data\C++_Ms_no_float\ObjectCode\DobleList.cpp.o)
get__10LinkedListFUi                                                     F   (D:\Jony\versionR51\microsdhacel\soft micros\Codigo\Librerias\OOC\util\util_hcs12_cpp_Data\C++_Ms_no_float\ObjectCode\LinkedList.cpp.o)
get__10LinkedListFUi                                                     I   (D:\Jony\versionR51\microsdhacel\soft micros\Codigo\Librerias\OOC\util\util_hcs12_cpp_Data\C++_Ms_no_float\ObjectCode\Set.cpp.o)
hasNext__28LinkedListIteratorLinkedListFv                                I   (D:\Jony\versionR51\microsdhacel\soft micros\Codigo\Librerias\OOC\util\util_hcs12_cpp_Data\C++_Ms_no_float\ObjectCode\DobleList.cpp.o)
hasNext__28LinkedListIteratorLinkedListFv                                F   (D:\Jony\versionR51\microsdhacel\soft micros\Codigo\Librerias\OOC\util\util_hcs12_cpp_Data\C++_Ms_no_float\ObjectCode\LinkedList.cpp.o)
hasNext__28LinkedListIteratorLinkedListFv                                I   (D:\Jony\versionR51\microsdhacel\soft micros\Codigo\Librerias\OOC\util\util_hcs12_cpp_Data\C++_Ms_no_float\ObjectCode\Set.cpp.o)
insertFirst__9DobleListFPv                                               F   (D:\Jony\versionR51\microsdhacel\soft micros\Codigo\Librerias\OOC\util\util_hcs12_cpp_Data\C++_Ms_no_float\ObjectCode\DobleList.cpp.o)
isEmpty__10LinkedListFv                                                  I   (D:\Jony\versionR51\microsdhacel\soft micros\Codigo\Librerias\OOC\util\util_hcs12_cpp_Data\C++_Ms_no_float\ObjectCode\DobleList.cpp.o)
isEmpty__10LinkedListFv                                                  F   (D:\Jony\versionR51\microsdhacel\soft micros\Codigo\Librerias\OOC\util\util_hcs12_cpp_Data\C++_Ms_no_float\ObjectCode\LinkedList.cpp.o)
isEmpty__10LinkedListFv                                                  I   (D:\Jony\versionR51\microsdhacel\soft micros\Codigo\Librerias\OOC\util\util_hcs12_cpp_Data\C++_Ms_no_float\ObjectCode\Set.cpp.o)
iterator__10LinkedListFv                                                 I   (D:\Jony\versionR51\microsdhacel\soft micros\Codigo\Librerias\OOC\util\util_hcs12_cpp_Data\C++_Ms_no_float\ObjectCode\DobleList.cpp.o)
iterator__10LinkedListFv                                                 F   (D:\Jony\versionR51\microsdhacel\soft micros\Codigo\Librerias\OOC\util\util_hcs12_cpp_Data\C++_Ms_no_float\ObjectCode\LinkedList.cpp.o)
iterator__10LinkedListFv                                                 I   (D:\Jony\versionR51\microsdhacel\soft micros\Codigo\Librerias\OOC\util\util_hcs12_cpp_Data\C++_Ms_no_float\ObjectCode\Set.cpp.o)
linkedListIterator__10LinkedListFP28LinkedListIteratorLinkedList         I   (D:\Jony\versionR51\microsdhacel\soft micros\Codigo\Librerias\OOC\util\util_hcs12_cpp_Data\C++_Ms_no_float\ObjectCode\DobleList.cpp.o)
linkedListIterator__10LinkedListFP28LinkedListIteratorLinkedList         F   (D:\Jony\versionR51\microsdhacel\soft micros\Codigo\Librerias\OOC\util\util_hcs12_cpp_Data\C++_Ms_no_float\ObjectCode\LinkedList.cpp.o)
linkedListIterator__10LinkedListFP28LinkedListIteratorLinkedList         I   (D:\Jony\versionR51\microsdhacel\soft micros\Codigo\Librerias\OOC\util\util_hcs12_cpp_Data\C++_Ms_no_float\ObjectCode\Set.cpp.o)
moveOut__10LinkedListFPv                                                 I   (D:\Jony\versionR51\microsdhacel\soft micros\Codigo\Librerias\OOC\util\util_hcs12_cpp_Data\C++_Ms_no_float\ObjectCode\DobleList.cpp.o)
moveOut__10LinkedListFPv                                                 F   (D:\Jony\versionR51\microsdhacel\soft micros\Codigo\Librerias\OOC\util\util_hcs12_cpp_Data\C++_Ms_no_float\ObjectCode\LinkedList.cpp.o)
moveOut__10LinkedListFPv                                                 I   (D:\Jony\versionR51\microsdhacel\soft micros\Codigo\Librerias\OOC\util\util_hcs12_cpp_Data\C++_Ms_no_float\ObjectCode\Set.cpp.o)
next__28LinkedListIteratorLinkedListFv                                   I   (D:\Jony\versionR51\microsdhacel\soft micros\Codigo\Librerias\OOC\util\util_hcs12_cpp_Data\C++_Ms_no_float\ObjectCode\DobleList.cpp.o)
next__28LinkedListIteratorLinkedListFv                                   F   (D:\Jony\versionR51\microsdhacel\soft micros\Codigo\Librerias\OOC\util\util_hcs12_cpp_Data\C++_Ms_no_float\ObjectCode\LinkedList.cpp.o)
next__28LinkedListIteratorLinkedListFv                                   I   (D:\Jony\versionR51\microsdhacel\soft micros\Codigo\Librerias\OOC\util\util_hcs12_cpp_Data\C++_Ms_no_float\ObjectCode\Set.cpp.o)
setDato__4NodoFPv                                                        I   (D:\Jony\versionR51\microsdhacel\soft micros\Codigo\Librerias\OOC\util\util_hcs12_cpp_Data\C++_Ms_no_float\ObjectCode\DobleList.cpp.o)
setDato__4NodoFPv                                                        I   (D:\Jony\versionR51\microsdhacel\soft micros\Codigo\Librerias\OOC\util\util_hcs12_cpp_Data\C++_Ms_no_float\ObjectCode\LinkedList.cpp.o)
setDato__4NodoFPv                                                        I   (D:\Jony\versionR51\microsdhacel\soft micros\Codigo\Librerias\OOC\util\util_hcs12_cpp_Data\C++_Ms_no_float\ObjectCode\NodoDoble.cpp.o)
setDato__4NodoFPv                                                        I   (D:\Jony\versionR51\microsdhacel\soft micros\Codigo\Librerias\OOC\util\util_hcs12_cpp_Data\C++_Ms_no_float\ObjectCode\Set.cpp.o)
setDato__4NodoFPv                                                        F   (D:\Jony\versionR51\microsdhacel\soft micros\Codigo\Librerias\OOC\util\util_hcs12_cpp_Data\C++_Ms_no_float\ObjectCode\nodo.cpp.o)
setNext__4NodoFP4Nodo                                                    I   (D:\Jony\versionR51\microsdhacel\soft micros\Codigo\Librerias\OOC\util\util_hcs12_cpp_Data\C++_Ms_no_float\ObjectCode\DobleList.cpp.o)
setNext__4NodoFP4Nodo                                                    I   (D:\Jony\versionR51\microsdhacel\soft micros\Codigo\Librerias\OOC\util\util_hcs12_cpp_Data\C++_Ms_no_float\ObjectCode\LinkedList.cpp.o)
setNext__4NodoFP4Nodo                                                    I   (D:\Jony\versionR51\microsdhacel\soft micros\Codigo\Librerias\OOC\util\util_hcs12_cpp_Data\C++_Ms_no_float\ObjectCode\NodoDoble.cpp.o)
setNext__4NodoFP4Nodo                                                    I   (D:\Jony\versionR51\microsdhacel\soft micros\Codigo\Librerias\OOC\util\util_hcs12_cpp_Data\C++_Ms_no_float\ObjectCode\Set.cpp.o)
setNext__4NodoFP4Nodo                                                    F   (D:\Jony\versionR51\microsdhacel\soft micros\Codigo\Librerias\OOC\util\util_hcs12_cpp_Data\C++_Ms_no_float\ObjectCode\nodo.cpp.o)
setPrev__9NodoDobleFP9NodoDoble                                          I   (D:\Jony\versionR51\microsdhacel\soft micros\Codigo\Librerias\OOC\util\util_hcs12_cpp_Data\C++_Ms_no_float\ObjectCode\DobleList.cpp.o)
setPrev__9NodoDobleFP9NodoDoble                                          F   (D:\Jony\versionR51\microsdhacel\soft micros\Codigo\Librerias\OOC\util\util_hcs12_cpp_Data\C++_Ms_no_float\ObjectCode\NodoDoble.cpp.o)
setPrimerNodo__10LinkedListFP4Nodo                                       I   (D:\Jony\versionR51\microsdhacel\soft micros\Codigo\Librerias\OOC\util\util_hcs12_cpp_Data\C++_Ms_no_float\ObjectCode\DobleList.cpp.o)
setPrimerNodo__10LinkedListFP4Nodo                                       F   (D:\Jony\versionR51\microsdhacel\soft micros\Codigo\Librerias\OOC\util\util_hcs12_cpp_Data\C++_Ms_no_float\ObjectCode\LinkedList.cpp.o)
setPrimerNodo__10LinkedListFP4Nodo                                       I   (D:\Jony\versionR51\microsdhacel\soft micros\Codigo\Librerias\OOC\util\util_hcs12_cpp_Data\C++_Ms_no_float\ObjectCode\Set.cpp.o)
size__10LinkedListFv                                                     I   (D:\Jony\versionR51\microsdhacel\soft micros\Codigo\Librerias\OOC\util\util_hcs12_cpp_Data\C++_Ms_no_float\ObjectCode\DobleList.cpp.o)
size__10LinkedListFv                                                     F   (D:\Jony\versionR51\microsdhacel\soft micros\Codigo\Librerias\OOC\util\util_hcs12_cpp_Data\C++_Ms_no_float\ObjectCode\LinkedList.cpp.o)
size__10LinkedListFv                                                     I   (D:\Jony\versionR51\microsdhacel\soft micros\Codigo\Librerias\OOC\util\util_hcs12_cpp_Data\C++_Ms_no_float\ObjectCode\Set.cpp.o)
