Units and locations in library 'D:\microsdhacel2\soft micros\Codigo\Librerias\OOC\ooc\lib\ooc_si.lib'
Unit name                                                                                                     size     from       to
D:\microsdhacel2\soft micros\Codigo\Librerias\OOC\ooc\ooc_Data\C_Ms_no_float\ObjectCode\Object.c.o           23633      128    23761
D:\microsdhacel2\soft micros\Codigo\Librerias\OOC\ooc\ooc_Data\C_Ms_no_float\ObjectCode\OutputStream.c.o     11353    23761    35114

EXPORTED OBJECTS
Class                     O   (D:\microsdhacel2\soft micros\Codigo\Librerias\OOC\ooc\ooc_Data\C_Ms_no_float\ObjectCode\Object.c.o)
Object                    O   (D:\microsdhacel2\soft micros\Codigo\Librerias\OOC\ooc\ooc_Data\C_Ms_no_float\ObjectCode\Object.c.o)
Object                    I   (D:\microsdhacel2\soft micros\Codigo\Librerias\OOC\ooc\ooc_Data\C_Ms_no_float\ObjectCode\OutputStream.c.o)
Object_ctor               F   (D:\microsdhacel2\soft micros\Codigo\Librerias\OOC\ooc\ooc_Data\C_Ms_no_float\ObjectCode\Object.c.o)
Object_ctor               I   (D:\microsdhacel2\soft micros\Codigo\Librerias\OOC\ooc\ooc_Data\C_Ms_no_float\ObjectCode\OutputStream.c.o)
Object_differ             F   (D:\microsdhacel2\soft micros\Codigo\Librerias\OOC\ooc\ooc_Data\C_Ms_no_float\ObjectCode\Object.c.o)
Object_differ             I   (D:\microsdhacel2\soft micros\Codigo\Librerias\OOC\ooc\ooc_Data\C_Ms_no_float\ObjectCode\OutputStream.c.o)
Object_dtor               F   (D:\microsdhacel2\soft micros\Codigo\Librerias\OOC\ooc\ooc_Data\C_Ms_no_float\ObjectCode\Object.c.o)
Object_dtor               I   (D:\microsdhacel2\soft micros\Codigo\Librerias\OOC\ooc\ooc_Data\C_Ms_no_float\ObjectCode\OutputStream.c.o)
Object_puto               F   (D:\microsdhacel2\soft micros\Codigo\Librerias\OOC\ooc\ooc_Data\C_Ms_no_float\ObjectCode\Object.c.o)
Object_puto               I   (D:\microsdhacel2\soft micros\Codigo\Librerias\OOC\ooc\ooc_Data\C_Ms_no_float\ObjectCode\OutputStream.c.o)
OutputStream              O   (D:\microsdhacel2\soft micros\Codigo\Librerias\OOC\ooc\ooc_Data\C_Ms_no_float\ObjectCode\OutputStream.c.o)
OutputStreamClass         O   (D:\microsdhacel2\soft micros\Codigo\Librerias\OOC\ooc\ooc_Data\C_Ms_no_float\ObjectCode\OutputStream.c.o)
OutputStream_close        F   (D:\microsdhacel2\soft micros\Codigo\Librerias\OOC\ooc\ooc_Data\C_Ms_no_float\ObjectCode\OutputStream.c.o)
OutputStream_flush        F   (D:\microsdhacel2\soft micros\Codigo\Librerias\OOC\ooc\ooc_Data\C_Ms_no_float\ObjectCode\OutputStream.c.o)
OutputStream_write        F   (D:\microsdhacel2\soft micros\Codigo\Librerias\OOC\ooc\ooc_Data\C_Ms_no_float\ObjectCode\OutputStream.c.o)
OutputStream_writeByte    F   (D:\microsdhacel2\soft micros\Codigo\Librerias\OOC\ooc\ooc_Data\C_Ms_no_float\ObjectCode\OutputStream.c.o)
_assert                   I   (D:\microsdhacel2\soft micros\Codigo\Librerias\OOC\ooc\ooc_Data\C_Ms_no_float\ObjectCode\Object.c.o)
_assert                   I   (D:\microsdhacel2\soft micros\Codigo\Librerias\OOC\ooc\ooc_Data\C_Ms_no_float\ObjectCode\OutputStream.c.o)
channels                  I   (D:\microsdhacel2\soft micros\Codigo\Librerias\OOC\ooc\ooc_Data\C_Ms_no_float\ObjectCode\Object.c.o)
classOf                   F   (D:\microsdhacel2\soft micros\Codigo\Librerias\OOC\ooc\ooc_Data\C_Ms_no_float\ObjectCode\Object.c.o)
classOf                   I   (D:\microsdhacel2\soft micros\Codigo\Librerias\OOC\ooc\ooc_Data\C_Ms_no_float\ObjectCode\OutputStream.c.o)
close                     F   (D:\microsdhacel2\soft micros\Codigo\Librerias\OOC\ooc\ooc_Data\C_Ms_no_float\ObjectCode\OutputStream.c.o)
ctor                      F   (D:\microsdhacel2\soft micros\Codigo\Librerias\OOC\ooc\ooc_Data\C_Ms_no_float\ObjectCode\Object.c.o)
delete                    F   (D:\microsdhacel2\soft micros\Codigo\Librerias\OOC\ooc\ooc_Data\C_Ms_no_float\ObjectCode\Object.c.o)
deleteAlloced             F   (D:\microsdhacel2\soft micros\Codigo\Librerias\OOC\ooc\ooc_Data\C_Ms_no_float\ObjectCode\Object.c.o)
deleteAndNil              F   (D:\microsdhacel2\soft micros\Codigo\Librerias\OOC\ooc\ooc_Data\C_Ms_no_float\ObjectCode\Object.c.o)
differ                    F   (D:\microsdhacel2\soft micros\Codigo\Librerias\OOC\ooc\ooc_Data\C_Ms_no_float\ObjectCode\Object.c.o)
dtor                      F   (D:\microsdhacel2\soft micros\Codigo\Librerias\OOC\ooc\ooc_Data\C_Ms_no_float\ObjectCode\Object.c.o)
flush                     F   (D:\microsdhacel2\soft micros\Codigo\Librerias\OOC\ooc\ooc_Data\C_Ms_no_float\ObjectCode\OutputStream.c.o)
fprintf                   I   (D:\microsdhacel2\soft micros\Codigo\Librerias\OOC\ooc\ooc_Data\C_Ms_no_float\ObjectCode\Object.c.o)
free                      I   (D:\microsdhacel2\soft micros\Codigo\Librerias\OOC\ooc\ooc_Data\C_Ms_no_float\ObjectCode\Object.c.o)
instanceOf                F   (D:\microsdhacel2\soft micros\Codigo\Librerias\OOC\ooc\ooc_Data\C_Ms_no_float\ObjectCode\Object.c.o)
malloc                    I   (D:\microsdhacel2\soft micros\Codigo\Librerias\OOC\ooc\ooc_Data\C_Ms_no_float\ObjectCode\Object.c.o)
memcpy                    I   (D:\microsdhacel2\soft micros\Codigo\Librerias\OOC\ooc\ooc_Data\C_Ms_no_float\ObjectCode\Object.c.o)
new                       F   (D:\microsdhacel2\soft micros\Codigo\Librerias\OOC\ooc\ooc_Data\C_Ms_no_float\ObjectCode\Object.c.o)
newAlloced                F   (D:\microsdhacel2\soft micros\Codigo\Librerias\OOC\ooc\ooc_Data\C_Ms_no_float\ObjectCode\Object.c.o)
printf                    I   (D:\microsdhacel2\soft micros\Codigo\Librerias\OOC\ooc\ooc_Data\C_Ms_no_float\ObjectCode\OutputStream.c.o)
puto                      F   (D:\microsdhacel2\soft micros\Codigo\Librerias\OOC\ooc\ooc_Data\C_Ms_no_float\ObjectCode\Object.c.o)
sizeOf                    F   (D:\microsdhacel2\soft micros\Codigo\Librerias\OOC\ooc\ooc_Data\C_Ms_no_float\ObjectCode\Object.c.o)
sprintf                   I   (D:\microsdhacel2\soft micros\Codigo\Librerias\OOC\ooc\ooc_Data\C_Ms_no_float\ObjectCode\Object.c.o)
super                     F   (D:\microsdhacel2\soft micros\Codigo\Librerias\OOC\ooc\ooc_Data\C_Ms_no_float\ObjectCode\Object.c.o)
super_ctor                F   (D:\microsdhacel2\soft micros\Codigo\Librerias\OOC\ooc\ooc_Data\C_Ms_no_float\ObjectCode\Object.c.o)
super_differ              F   (D:\microsdhacel2\soft micros\Codigo\Librerias\OOC\ooc\ooc_Data\C_Ms_no_float\ObjectCode\Object.c.o)
super_dtor                F   (D:\microsdhacel2\soft micros\Codigo\Librerias\OOC\ooc\ooc_Data\C_Ms_no_float\ObjectCode\Object.c.o)
super_puto                F   (D:\microsdhacel2\soft micros\Codigo\Librerias\OOC\ooc\ooc_Data\C_Ms_no_float\ObjectCode\Object.c.o)
write                     I   (D:\microsdhacel2\soft micros\Codigo\Librerias\OOC\ooc\ooc_Data\C_Ms_no_float\ObjectCode\Object.c.o)
write                     F   (D:\microsdhacel2\soft micros\Codigo\Librerias\OOC\ooc\ooc_Data\C_Ms_no_float\ObjectCode\OutputStream.c.o)
writeByte                 F   (D:\microsdhacel2\soft micros\Codigo\Librerias\OOC\ooc\ooc_Data\C_Ms_no_float\ObjectCode\OutputStream.c.o)
